I210101 00:47:04.380315 37 util/log/sync_buffer.go:70  [config] file created at: 2021/01/01 00:47:04
I210101 00:47:04.380315 37 util/log/sync_buffer.go:70  [config] running on machine: MacBook-Air
I210101 00:47:04.380315 37 util/log/sync_buffer.go:70  [config] binary: CockroachDB CCL v20.1.3 (x86_64-apple-darwin14, built 2020/06/23 08:38:34, go1.13.9)
I210101 00:47:04.380315 37 util/log/sync_buffer.go:70  [config] arguments: [cockroach start-single-node --certs-dir=/tmp/certs --listen-addr=localhost]
I210101 00:47:04.380315 37 util/log/sync_buffer.go:70  line format: [IWEF]yymmdd hh:mm:ss.uuuuuu goid file:line msg utf8=✓
I210101 00:47:04.380314 37 storage/rocksdb.go:102  RocksDB version: 6.2.1
I210101 00:47:04.380917 37 storage/rocksdb.go:102  Git sha rocksdb_build_git_sha:@2512e96f3bf87b3c1b5b0183ed2ec421dc35d0d7@
I210101 00:47:04.380925 37 storage/rocksdb.go:102  Compile date Jun 23 2020
I210101 00:47:04.380944 37 storage/rocksdb.go:102  DB SUMMARY
I210101 00:47:04.381032 37 storage/rocksdb.go:102  SST files in /Users/spokey/workspace/batcher/cockroach-data/cockroach-temp385014641 dir, Total Num: 0, files: 
I210101 00:47:04.381039 37 storage/rocksdb.go:102  Write Ahead Log file in /Users/spokey/workspace/batcher/cockroach-data/cockroach-temp385014641: 
I210101 00:47:04.381048 37 storage/rocksdb.go:102                          Options.error_if_exists: 0
I210101 00:47:04.381053 37 storage/rocksdb.go:102                        Options.create_if_missing: 1
I210101 00:47:04.381058 37 storage/rocksdb.go:102                          Options.paranoid_checks: 1
I210101 00:47:04.381063 37 storage/rocksdb.go:102                                      Options.env: 0xa8e3b48
I210101 00:47:04.381068 37 storage/rocksdb.go:102                                 Options.info_log: 0x1104b0a0
I210101 00:47:04.381074 37 storage/rocksdb.go:102                 Options.max_file_opening_threads: 16
I210101 00:47:04.381090 37 storage/rocksdb.go:102                               Options.statistics: 0x1104d158
I210101 00:47:04.381095 37 storage/rocksdb.go:102                                Options.use_fsync: 0
I210101 00:47:04.381101 37 storage/rocksdb.go:102                        Options.max_log_file_size: 0
I210101 00:47:04.381106 37 storage/rocksdb.go:102                   Options.max_manifest_file_size: 134217728
I210101 00:47:04.381113 37 storage/rocksdb.go:102                    Options.log_file_time_to_roll: 0
I210101 00:47:04.381118 37 storage/rocksdb.go:102                        Options.keep_log_file_num: 1000
I210101 00:47:04.381124 37 storage/rocksdb.go:102                     Options.recycle_log_file_num: 1
I210101 00:47:04.381129 37 storage/rocksdb.go:102                          Options.allow_fallocate: 1
I210101 00:47:04.381134 37 storage/rocksdb.go:102                         Options.allow_mmap_reads: 0
I210101 00:47:04.381140 37 storage/rocksdb.go:102                        Options.allow_mmap_writes: 0
I210101 00:47:04.381145 37 storage/rocksdb.go:102                         Options.use_direct_reads: 0
I210101 00:47:04.381151 37 storage/rocksdb.go:102                         Options.use_direct_io_for_flush_and_compaction: 0
I210101 00:47:04.381157 37 storage/rocksdb.go:102           Options.create_missing_column_families: 0
I210101 00:47:04.381162 37 storage/rocksdb.go:102                               Options.db_log_dir: 
I210101 00:47:04.381167 37 storage/rocksdb.go:102                                  Options.wal_dir: /Users/spokey/workspace/batcher/cockroach-data/cockroach-temp385014641
I210101 00:47:04.381173 37 storage/rocksdb.go:102                 Options.table_cache_numshardbits: 6
I210101 00:47:04.381178 37 storage/rocksdb.go:102                       Options.max_subcompactions: 1
I210101 00:47:04.381183 37 storage/rocksdb.go:102                   Options.max_background_flushes: -1
I210101 00:47:04.381188 37 storage/rocksdb.go:102                          Options.WAL_ttl_seconds: 0
I210101 00:47:04.381194 37 storage/rocksdb.go:102                        Options.WAL_size_limit_MB: 0
I210101 00:47:04.381199 37 storage/rocksdb.go:102              Options.manifest_preallocation_size: 4194304
I210101 00:47:04.381204 37 storage/rocksdb.go:102                      Options.is_fd_close_on_exec: 1
I210101 00:47:04.381209 37 storage/rocksdb.go:102                    Options.advise_random_on_open: 1
I210101 00:47:04.381215 37 storage/rocksdb.go:102                     Options.db_write_buffer_size: 0
I210101 00:47:04.381220 37 storage/rocksdb.go:102                     Options.write_buffer_manager: 0x11028060
I210101 00:47:04.381225 37 storage/rocksdb.go:102          Options.access_hint_on_compaction_start: 1
I210101 00:47:04.381230 37 storage/rocksdb.go:102   Options.new_table_reader_for_compaction_inputs: 0
I210101 00:47:04.381240 37 storage/rocksdb.go:102            Options.random_access_max_buffer_size: 1048576
I210101 00:47:04.381245 37 storage/rocksdb.go:102                       Options.use_adaptive_mutex: 0
I210101 00:47:04.381251 37 storage/rocksdb.go:102                             Options.rate_limiter: 0x0
I210101 00:47:04.381257 37 storage/rocksdb.go:102      Options.sst_file_manager.rate_bytes_per_sec: 0
I210101 00:47:04.381262 37 storage/rocksdb.go:102                        Options.wal_recovery_mode: 0
I210101 00:47:04.381268 37 storage/rocksdb.go:102                   Options.enable_thread_tracking: 0
I210101 00:47:04.381273 37 storage/rocksdb.go:102                   Options.enable_pipelined_write: 0
I210101 00:47:04.381279 37 storage/rocksdb.go:102          Options.allow_concurrent_memtable_write: 1
I210101 00:47:04.381284 37 storage/rocksdb.go:102       Options.enable_write_thread_adaptive_yield: 1
I210101 00:47:04.381290 37 storage/rocksdb.go:102              Options.write_thread_max_yield_usec: 100
I210101 00:47:04.381295 37 storage/rocksdb.go:102             Options.write_thread_slow_yield_usec: 3
I210101 00:47:04.381300 37 storage/rocksdb.go:102                                Options.row_cache: None
I210101 00:47:04.381306 37 storage/rocksdb.go:102                               Options.wal_filter: None
I210101 00:47:04.381311 37 storage/rocksdb.go:102              Options.avoid_flush_during_recovery: 0
I210101 00:47:04.381316 37 storage/rocksdb.go:102              Options.allow_ingest_behind: 0
I210101 00:47:04.381321 37 storage/rocksdb.go:102              Options.preserve_deletes: 0
I210101 00:47:04.381327 37 storage/rocksdb.go:102              Options.two_write_queues: 0
I210101 00:47:04.381332 37 storage/rocksdb.go:102              Options.manual_wal_flush: 1
I210101 00:47:04.381337 37 storage/rocksdb.go:102              Options.atomic_flush: 0
I210101 00:47:04.381343 37 storage/rocksdb.go:102              Options.avoid_unnecessary_blocking_io: 0
I210101 00:47:04.381348 37 storage/rocksdb.go:102              Options.max_background_jobs: 4
I210101 00:47:04.381353 37 storage/rocksdb.go:102              Options.max_background_compactions: -1
I210101 00:47:04.381358 37 storage/rocksdb.go:102              Options.avoid_flush_during_shutdown: 0
I210101 00:47:04.381364 37 storage/rocksdb.go:102            Options.writable_file_max_buffer_size: 1048576
I210101 00:47:04.381369 37 storage/rocksdb.go:102              Options.delayed_write_rate : 16777216
I210101 00:47:04.381374 37 storage/rocksdb.go:102              Options.max_total_wal_size: 0
I210101 00:47:04.381380 37 storage/rocksdb.go:102              Options.delete_obsolete_files_period_micros: 21600000000
I210101 00:47:04.381386 37 storage/rocksdb.go:102                    Options.stats_dump_period_sec: 0
I210101 00:47:04.381391 37 storage/rocksdb.go:102                  Options.stats_persist_period_sec: 600
I210101 00:47:04.381397 37 storage/rocksdb.go:102                  Options.stats_history_buffer_size: 1048576
I210101 00:47:04.381402 37 storage/rocksdb.go:102                           Options.max_open_files: 128
I210101 00:47:04.381407 37 storage/rocksdb.go:102                           Options.bytes_per_sync: 524288
I210101 00:47:04.381412 37 storage/rocksdb.go:102                       Options.wal_bytes_per_sync: 0
I210101 00:47:04.381417 37 storage/rocksdb.go:102                    Options.strict_bytes_per_sync: 1
I210101 00:47:04.381423 37 storage/rocksdb.go:102        Options.compaction_readahead_size: 0
I210101 00:47:04.381430 37 storage/rocksdb.go:102  Compression algorithms supported:
I210101 00:47:04.381436 37 storage/rocksdb.go:102  	kZSTD supported: 0
I210101 00:47:04.381442 37 storage/rocksdb.go:102  	kZlibCompression supported: 0
I210101 00:47:04.381448 37 storage/rocksdb.go:102  	kXpressCompression supported: 0
I210101 00:47:04.381453 37 storage/rocksdb.go:102  	kSnappyCompression supported: 1
I210101 00:47:04.381459 37 storage/rocksdb.go:102  	kZSTDNotFinalCompression supported: 0
I210101 00:47:04.381467 37 storage/rocksdb.go:102  	kLZ4HCCompression supported: 0
I210101 00:47:04.381473 37 storage/rocksdb.go:102  	kLZ4Compression supported: 0
I210101 00:47:04.381479 37 storage/rocksdb.go:102  	kBZip2Compression supported: 0
I210101 00:47:04.381490 37 storage/rocksdb.go:102  Fast CRC32 supported: Supported on x86
I210101 00:47:04.381703 37 storage/rocksdb.go:102  [db/db_impl_open.cc:242] Creating manifest 1 
I210101 00:47:04.383454 37 storage/rocksdb.go:102  [db/version_set.cc:4072] Recovering from manifest file: /Users/spokey/workspace/batcher/cockroach-data/cockroach-temp385014641/MANIFEST-000001
I210101 00:47:04.383580 37 storage/rocksdb.go:102  [db/column_family.cc:488] --------------- Options for column family [default]:
I210101 00:47:04.383589 37 storage/rocksdb.go:102                Options.comparator: cockroach_comparator
I210101 00:47:04.383598 37 storage/rocksdb.go:102            Options.merge_operator: cockroach_merge_operator
I210101 00:47:04.383605 37 storage/rocksdb.go:102         Options.compaction_filter: None
I210101 00:47:04.383611 37 storage/rocksdb.go:102         Options.compaction_filter_factory: None
I210101 00:47:04.383618 37 storage/rocksdb.go:102          Options.memtable_factory: SkipListFactory
I210101 00:47:04.383624 37 storage/rocksdb.go:102             Options.table_factory: BlockBasedTable
I210101 00:47:04.383667 37 storage/rocksdb.go:102             table_factory options:   flush_block_policy_factory: FlushBlockBySizePolicyFactory (0x1104c030)
  cache_index_and_filter_blocks: 0
  cache_index_and_filter_blocks_with_high_priority: 0
  pin_l0_filter_and_index_blocks_in_cache: 0
  pin_top_level_index_and_filter: 1
  index_type: 0
  data_block_index_type: 0
  index_shortening: 1
  data_block_hash_table_util_ratio: 0.750000
  hash_index_allow_collision: 1
  checksum: 1
  no_block_cache: 0
  block_cache: 0x1104d018
  block_cache_name: LRUCache
  block_cache_options:
    capacity : 1048576
    num_shard_bits : 4
    strict_capacity_limit : 0
    memory_allocator : None
    high_pri_pool_ratio: 0.000
  block_cache_compressed: 0x0
  persistent_cache: 0x0
  block_size: 32768
  block_size_deviation: 10
  block_restart_interval: 16
  index_block_restart_interval: 1
  metadata_block_size: 4096
  partition_filters: 0
  use_delta_encoding: 1
  filter_policy: rocksdb.BuiltinBloomFilter
  whole_key_filtering: 0
  verify_compression: 0
  read_amp_bytes_per_bit: 0
  format_version: 2
  enable_index_compression: 1
  block_align: 0
I210101 00:47:04.383676 37 storage/rocksdb.go:102         Options.write_buffer_size: 67108864
I210101 00:47:04.383683 37 storage/rocksdb.go:102   Options.max_write_buffer_number: 4
I210101 00:47:04.383693 37 storage/rocksdb.go:102           Options.compression: Snappy
I210101 00:47:04.383700 37 storage/rocksdb.go:102                   Options.bottommost_compression: Disabled
I210101 00:47:04.383706 37 storage/rocksdb.go:102        Options.prefix_extractor: cockroach_prefix_extractor
I210101 00:47:04.383713 37 storage/rocksdb.go:102    Options.memtable_insert_with_hint_prefix_extractor: nullptr
I210101 00:47:04.383718 37 storage/rocksdb.go:102              Options.num_levels: 7
I210101 00:47:04.383725 37 storage/rocksdb.go:102         Options.min_write_buffer_number_to_merge: 1
I210101 00:47:04.383732 37 storage/rocksdb.go:102      Options.max_write_buffer_number_to_maintain: 0
I210101 00:47:04.383738 37 storage/rocksdb.go:102             Options.bottommost_compression_opts.window_bits: -14
I210101 00:47:04.383744 37 storage/rocksdb.go:102                   Options.bottommost_compression_opts.level: 32767
I210101 00:47:04.383750 37 storage/rocksdb.go:102                Options.bottommost_compression_opts.strategy: 0
I210101 00:47:04.383756 37 storage/rocksdb.go:102          Options.bottommost_compression_opts.max_dict_bytes: 0
I210101 00:47:04.383762 37 storage/rocksdb.go:102          Options.bottommost_compression_opts.zstd_max_train_bytes: 0
I210101 00:47:04.383768 37 storage/rocksdb.go:102                   Options.bottommost_compression_opts.enabled: false
I210101 00:47:04.383778 37 storage/rocksdb.go:102             Options.compression_opts.window_bits: -14
I210101 00:47:04.383784 37 storage/rocksdb.go:102                   Options.compression_opts.level: 32767
I210101 00:47:04.383790 37 storage/rocksdb.go:102                Options.compression_opts.strategy: 0
I210101 00:47:04.383795 37 storage/rocksdb.go:102          Options.compression_opts.max_dict_bytes: 0
I210101 00:47:04.383802 37 storage/rocksdb.go:102          Options.compression_opts.zstd_max_train_bytes: 0
I210101 00:47:04.383808 37 storage/rocksdb.go:102                   Options.compression_opts.enabled: false
I210101 00:47:04.383814 37 storage/rocksdb.go:102       Options.level0_file_num_compaction_trigger: 2
I210101 00:47:04.383820 37 storage/rocksdb.go:102           Options.level0_slowdown_writes_trigger: 950
I210101 00:47:04.383827 37 storage/rocksdb.go:102               Options.level0_stop_writes_trigger: 1000
I210101 00:47:04.383834 37 storage/rocksdb.go:102                    Options.target_file_size_base: 4194304
I210101 00:47:04.383839 37 storage/rocksdb.go:102              Options.target_file_size_multiplier: 2
I210101 00:47:04.383845 37 storage/rocksdb.go:102                 Options.max_bytes_for_level_base: 67108864
I210101 00:47:04.383851 37 storage/rocksdb.go:102  Options.level_compaction_dynamic_level_bytes: 1
I210101 00:47:04.383858 37 storage/rocksdb.go:102           Options.max_bytes_for_level_multiplier: 10.000000
I210101 00:47:04.383864 37 storage/rocksdb.go:102  Options.max_bytes_for_level_multiplier_addtl[0]: 1
I210101 00:47:04.383870 37 storage/rocksdb.go:102  Options.max_bytes_for_level_multiplier_addtl[1]: 1
I210101 00:47:04.383876 37 storage/rocksdb.go:102  Options.max_bytes_for_level_multiplier_addtl[2]: 1
I210101 00:47:04.383882 37 storage/rocksdb.go:102  Options.max_bytes_for_level_multiplier_addtl[3]: 1
I210101 00:47:04.383888 37 storage/rocksdb.go:102  Options.max_bytes_for_level_multiplier_addtl[4]: 1
I210101 00:47:04.383894 37 storage/rocksdb.go:102  Options.max_bytes_for_level_multiplier_addtl[5]: 1
I210101 00:47:04.383900 37 storage/rocksdb.go:102  Options.max_bytes_for_level_multiplier_addtl[6]: 1
I210101 00:47:04.383905 37 storage/rocksdb.go:102        Options.max_sequential_skip_in_iterations: 8
I210101 00:47:04.383911 37 storage/rocksdb.go:102                     Options.max_compaction_bytes: 104857600
I210101 00:47:04.383918 37 storage/rocksdb.go:102                         Options.arena_block_size: 8388608
I210101 00:47:04.383924 37 storage/rocksdb.go:102    Options.soft_pending_compaction_bytes_limit: 2199023255552
I210101 00:47:04.383930 37 storage/rocksdb.go:102    Options.hard_pending_compaction_bytes_limit: 4400193994752
I210101 00:47:04.383937 37 storage/rocksdb.go:102        Options.rate_limit_delay_max_milliseconds: 100
I210101 00:47:04.383943 37 storage/rocksdb.go:102                 Options.disable_auto_compactions: 0
I210101 00:47:04.383949 37 storage/rocksdb.go:102                         Options.compaction_style: kCompactionStyleLevel
I210101 00:47:04.383956 37 storage/rocksdb.go:102                           Options.compaction_pri: kMinOverlappingRatio
I210101 00:47:04.383961 37 storage/rocksdb.go:102  Options.compaction_options_universal.size_ratio: 1
I210101 00:47:04.383967 37 storage/rocksdb.go:102  Options.compaction_options_universal.min_merge_width: 2
I210101 00:47:04.383973 37 storage/rocksdb.go:102  Options.compaction_options_universal.max_merge_width: 4294967295
I210101 00:47:04.383979 37 storage/rocksdb.go:102  Options.compaction_options_universal.max_size_amplification_percent: 200
I210101 00:47:04.383985 37 storage/rocksdb.go:102  Options.compaction_options_universal.compression_size_percent: -1
I210101 00:47:04.383992 37 storage/rocksdb.go:102  Options.compaction_options_universal.stop_style: kCompactionStopStyleTotalSize
I210101 00:47:04.383998 37 storage/rocksdb.go:102  Options.compaction_options_fifo.max_table_files_size: 1073741824
I210101 00:47:04.384004 37 storage/rocksdb.go:102  Options.compaction_options_fifo.allow_compaction: 0
I210101 00:47:04.384015 37 storage/rocksdb.go:102                    Options.table_properties_collectors: TimeBoundTblPropCollectorFactory; DeleteRangeTblPropCollectorFactory; 
I210101 00:47:04.384022 37 storage/rocksdb.go:102                    Options.inplace_update_support: 0
I210101 00:47:04.384028 37 storage/rocksdb.go:102                  Options.inplace_update_num_locks: 10000
I210101 00:47:04.384034 37 storage/rocksdb.go:102                Options.memtable_prefix_bloom_size_ratio: 0.000000
I210101 00:47:04.384040 37 storage/rocksdb.go:102                Options.memtable_whole_key_filtering: 0
I210101 00:47:04.384046 37 storage/rocksdb.go:102    Options.memtable_huge_page_size: 0
I210101 00:47:04.384052 37 storage/rocksdb.go:102                            Options.bloom_locality: 0
I210101 00:47:04.384058 37 storage/rocksdb.go:102                     Options.max_successive_merges: 0
I210101 00:47:04.384063 37 storage/rocksdb.go:102                 Options.optimize_filters_for_hits: 1
I210101 00:47:04.384069 37 storage/rocksdb.go:102                 Options.paranoid_file_checks: 0
I210101 00:47:04.384075 37 storage/rocksdb.go:102                 Options.force_consistency_checks: 0
I210101 00:47:04.384081 37 storage/rocksdb.go:102                 Options.report_bg_io_stats: 0
I210101 00:47:04.384086 37 storage/rocksdb.go:102                                Options.ttl: 0
I210101 00:47:04.384092 37 storage/rocksdb.go:102           Options.periodic_compaction_seconds: 0
I210101 00:47:04.384974 37 storage/rocksdb.go:102  [db/version_set.cc:4286] Recovered from manifest file:/Users/spokey/workspace/batcher/cockroach-data/cockroach-temp385014641/MANIFEST-000001 succeeded,manifest_file_number is 1, next_file_number is 3, last_sequence is 0, log_number is 0,prev_log_number is 0,max_column_family is 0,min_log_number_to_keep is 0
I210101 00:47:04.384985 37 storage/rocksdb.go:102  [db/version_set.cc:4295] Column family [default] (ID 0), log number is 0
I210101 00:47:04.389295 37 storage/rocksdb.go:102  DB pointer 0x110d3000
I210101 00:47:04.411322 37 storage/rocksdb.go:102  RocksDB version: 6.2.1
I210101 00:47:04.411333 37 storage/rocksdb.go:102  Git sha rocksdb_build_git_sha:@2512e96f3bf87b3c1b5b0183ed2ec421dc35d0d7@
I210101 00:47:04.411340 37 storage/rocksdb.go:102  Compile date Jun 23 2020
I210101 00:47:04.411346 37 storage/rocksdb.go:102  DB SUMMARY
I210101 00:47:04.411406 37 storage/rocksdb.go:102  SST files in /Users/spokey/workspace/batcher/cockroach-data dir, Total Num: 0, files: 
I210101 00:47:04.411412 37 storage/rocksdb.go:102  Write Ahead Log file in /Users/spokey/workspace/batcher/cockroach-data: 
I210101 00:47:04.411418 37 storage/rocksdb.go:102                          Options.error_if_exists: 0
I210101 00:47:04.411424 37 storage/rocksdb.go:102                        Options.create_if_missing: 1
I210101 00:47:04.411429 37 storage/rocksdb.go:102                          Options.paranoid_checks: 1
I210101 00:47:04.411434 37 storage/rocksdb.go:102                                      Options.env: 0xa8e3b48
I210101 00:47:04.411439 37 storage/rocksdb.go:102                                 Options.info_log: 0xd46ac80
I210101 00:47:04.411444 37 storage/rocksdb.go:102                 Options.max_file_opening_threads: 16
I210101 00:47:04.411449 37 storage/rocksdb.go:102                               Options.statistics: 0xd417478
I210101 00:47:04.411457 37 storage/rocksdb.go:102                                Options.use_fsync: 0
I210101 00:47:04.411462 37 storage/rocksdb.go:102                        Options.max_log_file_size: 0
I210101 00:47:04.411469 37 storage/rocksdb.go:102                   Options.max_manifest_file_size: 134217728
I210101 00:47:04.411476 37 storage/rocksdb.go:102                    Options.log_file_time_to_roll: 0
I210101 00:47:04.411481 37 storage/rocksdb.go:102                        Options.keep_log_file_num: 1000
I210101 00:47:04.411486 37 storage/rocksdb.go:102                     Options.recycle_log_file_num: 1
I210101 00:47:04.411491 37 storage/rocksdb.go:102                          Options.allow_fallocate: 1
I210101 00:47:04.411498 37 storage/rocksdb.go:102                         Options.allow_mmap_reads: 0
I210101 00:47:04.411503 37 storage/rocksdb.go:102                        Options.allow_mmap_writes: 0
I210101 00:47:04.411511 37 storage/rocksdb.go:102                         Options.use_direct_reads: 0
I210101 00:47:04.411519 37 storage/rocksdb.go:102                         Options.use_direct_io_for_flush_and_compaction: 0
I210101 00:47:04.411524 37 storage/rocksdb.go:102           Options.create_missing_column_families: 0
I210101 00:47:04.411530 37 storage/rocksdb.go:102                               Options.db_log_dir: 
I210101 00:47:04.411536 37 storage/rocksdb.go:102                                  Options.wal_dir: /Users/spokey/workspace/batcher/cockroach-data
I210101 00:47:04.411542 37 storage/rocksdb.go:102                 Options.table_cache_numshardbits: 6
I210101 00:47:04.411549 37 storage/rocksdb.go:102                       Options.max_subcompactions: 1
I210101 00:47:04.411554 37 storage/rocksdb.go:102                   Options.max_background_flushes: -1
I210101 00:47:04.411559 37 storage/rocksdb.go:102                          Options.WAL_ttl_seconds: 0
I210101 00:47:04.411564 37 storage/rocksdb.go:102                        Options.WAL_size_limit_MB: 0
I210101 00:47:04.411568 37 storage/rocksdb.go:102              Options.manifest_preallocation_size: 4194304
I210101 00:47:04.411573 37 storage/rocksdb.go:102                      Options.is_fd_close_on_exec: 1
I210101 00:47:04.411578 37 storage/rocksdb.go:102                    Options.advise_random_on_open: 1
I210101 00:47:04.411583 37 storage/rocksdb.go:102                     Options.db_write_buffer_size: 0
I210101 00:47:04.411588 37 storage/rocksdb.go:102                     Options.write_buffer_manager: 0xd4825a0
I210101 00:47:04.411592 37 storage/rocksdb.go:102          Options.access_hint_on_compaction_start: 1
I210101 00:47:04.411599 37 storage/rocksdb.go:102   Options.new_table_reader_for_compaction_inputs: 0
I210101 00:47:04.411605 37 storage/rocksdb.go:102            Options.random_access_max_buffer_size: 1048576
I210101 00:47:04.411609 37 storage/rocksdb.go:102                       Options.use_adaptive_mutex: 0
I210101 00:47:04.411614 37 storage/rocksdb.go:102                             Options.rate_limiter: 0x0
I210101 00:47:04.411620 37 storage/rocksdb.go:102      Options.sst_file_manager.rate_bytes_per_sec: 0
I210101 00:47:04.411626 37 storage/rocksdb.go:102                        Options.wal_recovery_mode: 0
I210101 00:47:04.411633 37 storage/rocksdb.go:102                   Options.enable_thread_tracking: 0
I210101 00:47:04.411639 37 storage/rocksdb.go:102                   Options.enable_pipelined_write: 0
I210101 00:47:04.411644 37 storage/rocksdb.go:102          Options.allow_concurrent_memtable_write: 1
I210101 00:47:04.411648 37 storage/rocksdb.go:102       Options.enable_write_thread_adaptive_yield: 1
I210101 00:47:04.411653 37 storage/rocksdb.go:102              Options.write_thread_max_yield_usec: 100
I210101 00:47:04.411658 37 storage/rocksdb.go:102             Options.write_thread_slow_yield_usec: 3
I210101 00:47:04.411665 37 storage/rocksdb.go:102                                Options.row_cache: None
I210101 00:47:04.411670 37 storage/rocksdb.go:102                               Options.wal_filter: None
I210101 00:47:04.411675 37 storage/rocksdb.go:102              Options.avoid_flush_during_recovery: 0
I210101 00:47:04.411680 37 storage/rocksdb.go:102              Options.allow_ingest_behind: 0
I210101 00:47:04.411685 37 storage/rocksdb.go:102              Options.preserve_deletes: 0
I210101 00:47:04.411690 37 storage/rocksdb.go:102              Options.two_write_queues: 0
I210101 00:47:04.411694 37 storage/rocksdb.go:102              Options.manual_wal_flush: 1
I210101 00:47:04.411701 37 storage/rocksdb.go:102              Options.atomic_flush: 0
I210101 00:47:04.411706 37 storage/rocksdb.go:102              Options.avoid_unnecessary_blocking_io: 0
I210101 00:47:04.411712 37 storage/rocksdb.go:102              Options.max_background_jobs: 4
I210101 00:47:04.411719 37 storage/rocksdb.go:102              Options.max_background_compactions: -1
I210101 00:47:04.411724 37 storage/rocksdb.go:102              Options.avoid_flush_during_shutdown: 0
I210101 00:47:04.411729 37 storage/rocksdb.go:102            Options.writable_file_max_buffer_size: 1048576
I210101 00:47:04.411734 37 storage/rocksdb.go:102              Options.delayed_write_rate : 16777216
I210101 00:47:04.411739 37 storage/rocksdb.go:102              Options.max_total_wal_size: 0
I210101 00:47:04.411744 37 storage/rocksdb.go:102              Options.delete_obsolete_files_period_micros: 21600000000
I210101 00:47:04.411749 37 storage/rocksdb.go:102                    Options.stats_dump_period_sec: 0
I210101 00:47:04.411753 37 storage/rocksdb.go:102                  Options.stats_persist_period_sec: 600
I210101 00:47:04.411758 37 storage/rocksdb.go:102                  Options.stats_history_buffer_size: 1048576
I210101 00:47:04.411763 37 storage/rocksdb.go:102                           Options.max_open_files: 9984
I210101 00:47:04.411768 37 storage/rocksdb.go:102                           Options.bytes_per_sync: 524288
I210101 00:47:04.411775 37 storage/rocksdb.go:102                       Options.wal_bytes_per_sync: 0
I210101 00:47:04.411780 37 storage/rocksdb.go:102                    Options.strict_bytes_per_sync: 1
I210101 00:47:04.411785 37 storage/rocksdb.go:102        Options.compaction_readahead_size: 0
I210101 00:47:04.411790 37 storage/rocksdb.go:102  Compression algorithms supported:
I210101 00:47:04.411795 37 storage/rocksdb.go:102  	kZSTD supported: 0
I210101 00:47:04.411800 37 storage/rocksdb.go:102  	kZlibCompression supported: 0
I210101 00:47:04.411805 37 storage/rocksdb.go:102  	kXpressCompression supported: 0
I210101 00:47:04.411810 37 storage/rocksdb.go:102  	kSnappyCompression supported: 1
I210101 00:47:04.411815 37 storage/rocksdb.go:102  	kZSTDNotFinalCompression supported: 0
I210101 00:47:04.411820 37 storage/rocksdb.go:102  	kLZ4HCCompression supported: 0
I210101 00:47:04.411825 37 storage/rocksdb.go:102  	kLZ4Compression supported: 0
I210101 00:47:04.411830 37 storage/rocksdb.go:102  	kBZip2Compression supported: 0
I210101 00:47:04.411836 37 storage/rocksdb.go:102  Fast CRC32 supported: Supported on x86
I210101 00:47:04.412026 37 storage/rocksdb.go:102  [db/db_impl_open.cc:242] Creating manifest 1 
I210101 00:47:04.414287 37 storage/rocksdb.go:102  [db/version_set.cc:4072] Recovering from manifest file: /Users/spokey/workspace/batcher/cockroach-data/MANIFEST-000001
I210101 00:47:04.414378 37 storage/rocksdb.go:102  [db/column_family.cc:488] --------------- Options for column family [default]:
I210101 00:47:04.414389 37 storage/rocksdb.go:102                Options.comparator: cockroach_comparator
I210101 00:47:04.414396 37 storage/rocksdb.go:102            Options.merge_operator: cockroach_merge_operator
I210101 00:47:04.414403 37 storage/rocksdb.go:102         Options.compaction_filter: None
I210101 00:47:04.414408 37 storage/rocksdb.go:102         Options.compaction_filter_factory: None
I210101 00:47:04.414414 37 storage/rocksdb.go:102          Options.memtable_factory: SkipListFactory
I210101 00:47:04.414420 37 storage/rocksdb.go:102             Options.table_factory: BlockBasedTable
I210101 00:47:04.414463 37 storage/rocksdb.go:102             table_factory options:   flush_block_policy_factory: FlushBlockBySizePolicyFactory (0xd41c060)
  cache_index_and_filter_blocks: 0
  cache_index_and_filter_blocks_with_high_priority: 0
  pin_l0_filter_and_index_blocks_in_cache: 0
  pin_top_level_index_and_filter: 1
  index_type: 0
  data_block_index_type: 0
  index_shortening: 1
  data_block_hash_table_util_ratio: 0.750000
  hash_index_allow_collision: 1
  checksum: 1
  no_block_cache: 0
  block_cache: 0xd417338
  block_cache_name: LRUCache
  block_cache_options:
    capacity : 67108864
    num_shard_bits : 4
    strict_capacity_limit : 0
    memory_allocator : None
    high_pri_pool_ratio: 0.000
  block_cache_compressed: 0x0
  persistent_cache: 0x0
  block_size: 32768
  block_size_deviation: 10
  block_restart_interval: 16
  index_block_restart_interval: 1
  metadata_block_size: 4096
  partition_filters: 0
  use_delta_encoding: 1
  filter_policy: rocksdb.BuiltinBloomFilter
  whole_key_filtering: 0
  verify_compression: 0
  read_amp_bytes_per_bit: 0
  format_version: 2
  enable_index_compression: 1
  block_align: 0
I210101 00:47:04.414522 37 storage/rocksdb.go:102         Options.write_buffer_size: 67108864
I210101 00:47:04.414529 37 storage/rocksdb.go:102   Options.max_write_buffer_number: 4
I210101 00:47:04.414535 37 storage/rocksdb.go:102           Options.compression: Snappy
I210101 00:47:04.414540 37 storage/rocksdb.go:102                   Options.bottommost_compression: Disabled
I210101 00:47:04.414545 37 storage/rocksdb.go:102        Options.prefix_extractor: cockroach_prefix_extractor
I210101 00:47:04.414553 37 storage/rocksdb.go:102    Options.memtable_insert_with_hint_prefix_extractor: nullptr
I210101 00:47:04.414558 37 storage/rocksdb.go:102              Options.num_levels: 7
I210101 00:47:04.414563 37 storage/rocksdb.go:102         Options.min_write_buffer_number_to_merge: 1
I210101 00:47:04.414568 37 storage/rocksdb.go:102      Options.max_write_buffer_number_to_maintain: 0
I210101 00:47:04.414573 37 storage/rocksdb.go:102             Options.bottommost_compression_opts.window_bits: -14
I210101 00:47:04.414578 37 storage/rocksdb.go:102                   Options.bottommost_compression_opts.level: 32767
I210101 00:47:04.414583 37 storage/rocksdb.go:102                Options.bottommost_compression_opts.strategy: 0
I210101 00:47:04.414589 37 storage/rocksdb.go:102          Options.bottommost_compression_opts.max_dict_bytes: 0
I210101 00:47:04.414594 37 storage/rocksdb.go:102          Options.bottommost_compression_opts.zstd_max_train_bytes: 0
I210101 00:47:04.414601 37 storage/rocksdb.go:102                   Options.bottommost_compression_opts.enabled: false
I210101 00:47:04.414606 37 storage/rocksdb.go:102             Options.compression_opts.window_bits: -14
I210101 00:47:04.414611 37 storage/rocksdb.go:102                   Options.compression_opts.level: 32767
I210101 00:47:04.414615 37 storage/rocksdb.go:102                Options.compression_opts.strategy: 0
I210101 00:47:04.414620 37 storage/rocksdb.go:102          Options.compression_opts.max_dict_bytes: 0
I210101 00:47:04.414628 37 storage/rocksdb.go:102          Options.compression_opts.zstd_max_train_bytes: 0
I210101 00:47:04.414634 37 storage/rocksdb.go:102                   Options.compression_opts.enabled: false
I210101 00:47:04.414639 37 storage/rocksdb.go:102       Options.level0_file_num_compaction_trigger: 2
I210101 00:47:04.414643 37 storage/rocksdb.go:102           Options.level0_slowdown_writes_trigger: 950
I210101 00:47:04.414648 37 storage/rocksdb.go:102               Options.level0_stop_writes_trigger: 1000
I210101 00:47:04.414653 37 storage/rocksdb.go:102                    Options.target_file_size_base: 4194304
I210101 00:47:04.414658 37 storage/rocksdb.go:102              Options.target_file_size_multiplier: 2
I210101 00:47:04.414663 37 storage/rocksdb.go:102                 Options.max_bytes_for_level_base: 67108864
I210101 00:47:04.414668 37 storage/rocksdb.go:102  Options.level_compaction_dynamic_level_bytes: 1
I210101 00:47:04.414673 37 storage/rocksdb.go:102           Options.max_bytes_for_level_multiplier: 10.000000
I210101 00:47:04.414679 37 storage/rocksdb.go:102  Options.max_bytes_for_level_multiplier_addtl[0]: 1
I210101 00:47:04.414686 37 storage/rocksdb.go:102  Options.max_bytes_for_level_multiplier_addtl[1]: 1
I210101 00:47:04.414692 37 storage/rocksdb.go:102  Options.max_bytes_for_level_multiplier_addtl[2]: 1
I210101 00:47:04.414696 37 storage/rocksdb.go:102  Options.max_bytes_for_level_multiplier_addtl[3]: 1
I210101 00:47:04.414701 37 storage/rocksdb.go:102  Options.max_bytes_for_level_multiplier_addtl[4]: 1
I210101 00:47:04.414706 37 storage/rocksdb.go:102  Options.max_bytes_for_level_multiplier_addtl[5]: 1
I210101 00:47:04.414714 37 storage/rocksdb.go:102  Options.max_bytes_for_level_multiplier_addtl[6]: 1
I210101 00:47:04.414722 37 storage/rocksdb.go:102        Options.max_sequential_skip_in_iterations: 8
I210101 00:47:04.414727 37 storage/rocksdb.go:102                     Options.max_compaction_bytes: 104857600
I210101 00:47:04.414733 37 storage/rocksdb.go:102                         Options.arena_block_size: 8388608
I210101 00:47:04.414738 37 storage/rocksdb.go:102    Options.soft_pending_compaction_bytes_limit: 2199023255552
I210101 00:47:04.414743 37 storage/rocksdb.go:102    Options.hard_pending_compaction_bytes_limit: 4400193994752
I210101 00:47:04.414748 37 storage/rocksdb.go:102        Options.rate_limit_delay_max_milliseconds: 100
I210101 00:47:04.414753 37 storage/rocksdb.go:102                 Options.disable_auto_compactions: 0
I210101 00:47:04.414758 37 storage/rocksdb.go:102                         Options.compaction_style: kCompactionStyleLevel
I210101 00:47:04.414763 37 storage/rocksdb.go:102                           Options.compaction_pri: kMinOverlappingRatio
I210101 00:47:04.414768 37 storage/rocksdb.go:102  Options.compaction_options_universal.size_ratio: 1
I210101 00:47:04.414773 37 storage/rocksdb.go:102  Options.compaction_options_universal.min_merge_width: 2
I210101 00:47:04.414778 37 storage/rocksdb.go:102  Options.compaction_options_universal.max_merge_width: 4294967295
I210101 00:47:04.414785 37 storage/rocksdb.go:102  Options.compaction_options_universal.max_size_amplification_percent: 200
I210101 00:47:04.414792 37 storage/rocksdb.go:102  Options.compaction_options_universal.compression_size_percent: -1
I210101 00:47:04.414797 37 storage/rocksdb.go:102  Options.compaction_options_universal.stop_style: kCompactionStopStyleTotalSize
I210101 00:47:04.414802 37 storage/rocksdb.go:102  Options.compaction_options_fifo.max_table_files_size: 1073741824
I210101 00:47:04.414807 37 storage/rocksdb.go:102  Options.compaction_options_fifo.allow_compaction: 0
I210101 00:47:04.414813 37 storage/rocksdb.go:102                    Options.table_properties_collectors: TimeBoundTblPropCollectorFactory; DeleteRangeTblPropCollectorFactory; 
I210101 00:47:04.414818 37 storage/rocksdb.go:102                    Options.inplace_update_support: 0
I210101 00:47:04.414826 37 storage/rocksdb.go:102                  Options.inplace_update_num_locks: 10000
I210101 00:47:04.414831 37 storage/rocksdb.go:102                Options.memtable_prefix_bloom_size_ratio: 0.000000
I210101 00:47:04.414836 37 storage/rocksdb.go:102                Options.memtable_whole_key_filtering: 0
I210101 00:47:04.414841 37 storage/rocksdb.go:102    Options.memtable_huge_page_size: 0
I210101 00:47:04.414846 37 storage/rocksdb.go:102                            Options.bloom_locality: 0
I210101 00:47:04.414851 37 storage/rocksdb.go:102                     Options.max_successive_merges: 0
I210101 00:47:04.414858 37 storage/rocksdb.go:102                 Options.optimize_filters_for_hits: 1
I210101 00:47:04.414863 37 storage/rocksdb.go:102                 Options.paranoid_file_checks: 0
I210101 00:47:04.414870 37 storage/rocksdb.go:102                 Options.force_consistency_checks: 0
I210101 00:47:04.414875 37 storage/rocksdb.go:102                 Options.report_bg_io_stats: 0
I210101 00:47:04.414880 37 storage/rocksdb.go:102                                Options.ttl: 0
I210101 00:47:04.414885 37 storage/rocksdb.go:102           Options.periodic_compaction_seconds: 0
I210101 00:47:04.415627 37 storage/rocksdb.go:102  [db/version_set.cc:4286] Recovered from manifest file:/Users/spokey/workspace/batcher/cockroach-data/MANIFEST-000001 succeeded,manifest_file_number is 1, next_file_number is 3, last_sequence is 0, log_number is 0,prev_log_number is 0,max_column_family is 0,min_log_number_to_keep is 0
I210101 00:47:04.415636 37 storage/rocksdb.go:102  [db/version_set.cc:4295] Column family [default] (ID 0), log number is 0
I210101 00:47:04.419150 37 storage/rocksdb.go:102  DB pointer 0xd455800
